{
  "stats": {
    "suites": 1,
    "tests": 1,
    "passes": 1,
    "pending": 0,
    "failures": 0,
    "start": "2026-05-18T13:02:42.562Z",
    "end": "2026-05-18T13:03:09.665Z",
    "duration": 27103,
    "testsRegistered": 1,
    "passPercent": 100,
    "pendingPercent": 0,
    "other": 0,
    "hasOther": false,
    "skipped": 0,
    "hasSkipped": false
  },
  "results": [
    {
      "uuid": "0d49a639-2548-4c99-a5f3-9e84bf196423",
      "title": "",
      "fullFile": "cypress\\e2e\\TriagemFisioAmbulatorial.cy.js",
      "file": "cypress\\e2e\\TriagemFisioAmbulatorial.cy.js",
      "beforeHooks": [],
      "afterHooks": [],
      "tests": [],
      "suites": [
        {
          "uuid": "a3f40ced-e140-4bbe-9811-d5a700d5c563",
          "title": "Teste do Painel: Triagem Fisioterapia Ambulatorial",
          "fullFile": "",
          "file": "",
          "beforeHooks": [],
          "afterHooks": [],
          "tests": [
            {
              "title": "Deve preencher os filtros e interagir com os botões",
              "fullTitle": "Teste do Painel: Triagem Fisioterapia Ambulatorial Deve preencher os filtros e interagir com os botões",
              "timedOut": null,
              "duration": 20252,
              "state": "passed",
              "speed": "slow",
              "pass": true,
              "fail": false,
              "pending": false,
              "context": null,
              "code": "cy.log('Iniciando automação do Painel Triagem Fisioterapia Ambulatorial...');\n// 1. Preencher Datas (Janeiro 2024) com fallback de seletores\ncy.log('Preenchendo intervalo de datas...');\npreencherDataComFallback(['[name=\"dataIni\"]', '[name=\"start\"]', '[name=\"dataInicio\"]', '#dataInicial', 'input[name*=\"ini\"]'], '01/01/2024{enter}', 'Data inicial', 0);\ncy.wait(500);\npreencherDataComFallback(['[name=\"dataFim\"]', '[name=\"end\"]', '[name=\"dataFimPeriodo\"]', '[name=\"dataFimFiltro\"]', '[name=\"dataFimTela\"]', '[name=\"dataFinal\"]', '#dataFinal', 'input[name*=\"fim\"]', 'input[name*=\"final\"]'], '31/01/2024{enter}', 'Data final', 1, false);\ncy.wait(500);\n// 2. Clicar em Filtrar/Buscar\ncy.log('Clicando em Filtrar...');\nclicarComFallback(['[name=\"btnFiltro\"]', '[name=\"buscaDataSolicita\"]', '#btnFiltrar', 'button[type=\"submit\"]', 'input[type=\"submit\"]', 'button[id*=\"Filtrar\"]', 'button[id*=\"Buscar\"]'], 'filtro', true);\ncy.wait(2000);\n// Validação básica pós-filtro\ncy.get('body').should('not.contain.text', 'Erro 500');\n// 3. Exportar para Excel\ncy.log('Exportando para Excel...');\nclicarComFallback(['#exportExcel', '#exportarExcel', '#btnExportar', 'button[id*=\"Export\"]', 'a[id*=\"Export\"]', 'input[id*=\"Export\"]'], 'exportacao', true);\ncy.wait(1000);\n// 4. Limpar filtros ao final do teste para verificar se está limpando corretamente\ncy.log('Limpando filtros ao final do teste...');\nclicarComFallback(['[name=\"btnLimpar\"]', '[name=\"limpar\"]', '#btnLimpar', 'button[id*=\"Limpar\"]', 'input[id*=\"Limpar\"]'], 'limpeza', false);\ncy.wait(1000);\ncy.log('Automação do painel Triagem Fisioterapia Ambulatorial concluída com sucesso!');",
              "err": {},
              "uuid": "1498ab2e-6a07-421d-810d-557a34036d93",
              "parentUUID": "a3f40ced-e140-4bbe-9811-d5a700d5c563",
              "isHook": false,
              "skipped": false
            }
          ],
          "suites": [],
          "passes": [
            "1498ab2e-6a07-421d-810d-557a34036d93"
          ],
          "failures": [],
          "pending": [],
          "skipped": [],
          "duration": 20252,
          "root": false,
          "rootEmpty": false,
          "_timeout": 2000
        }
      ],
      "passes": [],
      "failures": [],
      "pending": [],
      "skipped": [],
      "duration": 0,
      "root": true,
      "rootEmpty": true,
      "_timeout": 2000
    }
  ],
  "meta": {
    "mocha": {
      "version": "7.2.0"
    },
    "mochawesome": {
      "options": {
        "quiet": false,
        "reportFilename": "mochawesome",
        "saveHtml": false,
        "saveJson": true,
        "consoleReporter": "spec",
        "useInlineDiffs": false,
        "code": true
      },
      "version": "7.1.4"
    },
    "marge": {
      "options": {
        "reportDir": "cypress\\results\\reports\\.jsons",
        "charts": true,
        "reportPageTitle": "Relatorio de Testes - Evolucao Social",
        "embeddedScreenshots": true,
        "inlineAssets": true,
        "saveAllAttempts": false,
        "overwrite": false,
        "html": false,
        "json": true
      },
      "version": "6.3.2"
    }
  }
}